c:\users\ba.zentei\source\repos\20180628\debug\vc141.pdb
c:\users\ba.zentei\source\repos\20180628\debug\vc141.idb
c:\users\ba.zentei\source\repos\20180628\debug\player.obj
c:\users\ba.zentei\source\repos\20180628\debug\main.obj
c:\users\ba.zentei\source\repos\20180628\debug\input.obj
c:\users\ba.zentei\source\repos\20180628\debug\enemy.obj
c:\users\ba.zentei\desktop\20180628\debug\vc141.pdb
c:\users\ba.zentei\desktop\20180628\debug\vc141.idb
c:\users\ba.zentei\desktop\20180628\debug\player.obj
c:\users\ba.zentei\desktop\20180628\debug\main.obj
c:\users\ba.zentei\desktop\20180628\debug\input.obj
c:\users\ba.zentei\desktop\20180628\debug\enemy.obj
c:\users\ba.zentei\desktop\20180628\debug\bullet.obj
c:\users\ba.zentei\source\repos\20180628\debug\20180628.exe
c:\users\ba.zentei\source\repos\20180628\debug\20180628.ilk
c:\users\ba.zentei\source\repos\20180628\debug\20180628.pdb
c:\users\ba.zentei\desktop\20180628\debug\20180628.exe
c:\users\ba.zentei\desktop\20180628\debug\20180628.ilk
c:\users\ba.zentei\desktop\20180628\debug\20180628.pdb
c:\users\ba.zentei\desktop\20180628\debug\20180628.tlog\cl.command.1.tlog
c:\users\ba.zentei\desktop\20180628\debug\20180628.tlog\cl.read.1.tlog
c:\users\ba.zentei\desktop\20180628\debug\20180628.tlog\cl.write.1.tlog
c:\users\ba.zentei\desktop\20180628\debug\20180628.tlog\link.command.1.tlog
c:\users\ba.zentei\desktop\20180628\debug\20180628.tlog\link.read.1.tlog
c:\users\ba.zentei\desktop\20180628\debug\20180628.tlog\link.write.1.tlog
